# project  configured on Sat Aug 17 00:32:28 2013 by
# waf 1.7.5 (abi 98, python 20702f0 on darwin)
# using ../waf configure --prefix=/Users/tromso/local
#
----------------------------------------
Setting top to
/Users/tromso/src/ecell-proj/ecell4/reaction_reader
----------------------------------------
Setting out to
/Users/tromso/src/ecell-proj/ecell4/reaction_reader/build
----------------------------------------
Checking for 'g++' (c++ compiler)
find program=['g++', 'c++'] paths=['/usr/bin', '/bin', '/usr/sbin', '/sbin', '/usr/local/bin', '/Users/tromso/.rvm/bin', '/Users/tromso/local/bin', '/Users/tromso/local/bin'] var='CXX' -> '/usr/bin/g++'
find program=['ar'] paths=['/usr/bin', '/bin', '/usr/sbin', '/sbin', '/usr/local/bin', '/Users/tromso/.rvm/bin', '/Users/tromso/local/bin', '/Users/tromso/local/bin'] var='AR' -> '/usr/bin/ar'
/usr/bin/g++
----------------------------------------
Checking for program python
/usr/bin/python
find program=['python'] paths=['/usr/bin', '/bin', '/usr/sbin', '/sbin', '/usr/local/bin', '/Users/tromso/.rvm/bin', '/Users/tromso/local/bin', '/Users/tromso/local/bin'] var='PYTHON' -> '/usr/bin/python'
['/usr/bin/python', '-c', 'import sys\nfor x in sys.version_info: print(str(x))']
out: 2
7
2
final
0

['/usr/bin/python', '-c', "from distutils.sysconfig import get_config_var, get_python_lib\n\nprint(repr(get_python_lib(standard_lib=0, prefix='/Users/tromso/local') or ''))"]
out: '/Users/tromso/local/lib/python2.7/site-packages'

'/Users/tromso/local/lib/python2.7/site-packages'

['/usr/bin/python', '-c', "from distutils.sysconfig import get_config_var, get_python_lib\n\nprint(repr(get_python_lib(plat_specific=1, standard_lib=0, prefix='/Users/tromso/local') or ''))"]
out: '/Users/tromso/local/lib/python2.7/site-packages'

'/Users/tromso/local/lib/python2.7/site-packages'

----------------------------------------
Checking for python version
2.7.2
['/usr/bin/python', '-c', "from distutils.sysconfig import get_config_var, get_python_lib\n\nprint(repr(get_config_var('prefix') or ''))\nprint(repr(get_config_var('SO') or ''))\nprint(repr(get_config_var('LDFLAGS') or ''))\nprint(repr(get_config_var('LIBDIR') or ''))\nprint(repr(get_config_var('LIBPL') or ''))\nprint(repr(get_config_var('INCLUDEPY') or ''))\nprint(repr(get_config_var('Py_ENABLE_SHARED') or ''))\nprint(repr(get_config_var('MACOSX_DEPLOYMENT_TARGET') or ''))\nprint(repr(get_config_var('LDSHARED') or ''))\nprint(repr(get_config_var('CFLAGS') or ''))"]
out: '/System/Library/Frameworks/Python.framework/Versions/2.7'
'.so'
'-Wl,-F. -arch i386 -arch x86_64'
'/System/Library/Frameworks/Python.framework/Versions/2.7/lib'
'/System/Library/Frameworks/Python.framework/Versions/2.7/lib/python2.7/config'
'/System/Library/Frameworks/Python.framework/Versions/2.7/include/python2.7'
''
'10.8'
'clang -bundle -undefined dynamic_lookup -Wl,-F. -arch i386 -arch x86_64'
'-fno-strict-aliasing -fno-common -dynamic -g -Os -pipe -fno-common -fno-strict-aliasing -fwrapv -mno-fused-madd -DENABLE_DTRACE -DMACOSX -DNDEBUG -Wall -Wstrict-prototypes -Wshorten-64-to-32 -DNDEBUG -g  -Os -Wall -Wstrict-prototypes -DENABLE_DTRACE -arch i386 -arch x86_64'

'/System/Library/Frameworks/Python.framework/Versions/2.7'
'.so'
'-Wl,-F. -arch i386 -arch x86_64'
'/System/Library/Frameworks/Python.framework/Versions/2.7/lib'
'/System/Library/Frameworks/Python.framework/Versions/2.7/lib/python2.7/config'
'/System/Library/Frameworks/Python.framework/Versions/2.7/include/python2.7'
''
'10.8'
'clang -bundle -undefined dynamic_lookup -Wl,-F. -arch i386 -arch x86_64'
'-fno-strict-aliasing -fno-common -dynamic -g -Os -pipe -fno-common -fno-strict-aliasing -fwrapv -mno-fused-madd -DENABLE_DTRACE -DMACOSX -DNDEBUG -Wall -Wstrict-prototypes -Wshorten-64-to-32 -DNDEBUG -g  -Os -Wall -Wstrict-prototypes -DENABLE_DTRACE -arch i386 -arch x86_64'

Configuration returned from ['/usr/bin/python']:
"prefix = '/System/Library/Frameworks/Python.framework/Versions/2.7'\nSO = '.so'\nLDFLAGS = '-Wl,-F. -arch i386 -arch x86_64'\nLIBDIR = '/System/Library/Frameworks/Python.framework/Versions/2.7/lib'\nLIBPL = '/System/Library/Frameworks/Python.framework/Versions/2.7/lib/python2.7/config'\nINCLUDEPY = '/System/Library/Frameworks/Python.framework/Versions/2.7/include/python2.7'\nPy_ENABLE_SHARED = ''\nMACOSX_DEPLOYMENT_TARGET = '10.8'\nLDSHARED = 'clang -bundle -undefined dynamic_lookup -Wl,-F. -arch i386 -arch x86_64'\nCFLAGS = '-fno-strict-aliasing -fno-common -dynamic -g -Os -pipe -fno-common -fno-strict-aliasing -fwrapv -mno-fused-madd -DENABLE_DTRACE -DMACOSX -DNDEBUG -Wall -Wstrict-prototypes -Wshorten-64-to-32 -DNDEBUG -g  -Os -Wall -Wstrict-prototypes -DENABLE_DTRACE -arch i386 -arch x86_64'"



# try again with -L$python_LIBDIR: ['/System/Library/Frameworks/Python.framework/Versions/2.7/lib']

----------------------------------------
Checking for library python2.7 in LIBDIR
==>

int main(int argc, char **argv) {
	return 0;
}

<==
[1/2] [32mcxx: build/.conf_check_3c779f95fb0a7e2c0b7f9bb16c8d3109/test.cpp -> build/.conf_check_3c779f95fb0a7e2c0b7f9bb16c8d3109/testbuild/test.cpp.1.o
[0m
['/usr/bin/g++', '-arch', 'i386', '-arch', 'x86_64', '-fno-strict-aliasing', '-fno-common', '-dynamic', '-fno-common', '-fno-strict-aliasing', '-fwrapv', '-mno-fused-madd', '-arch', 'i386', '-arch', 'x86_64', '-DPYTHONDIR="/Users/tromso/local/lib/python2.7/site-packages"', '-DPYTHONARCHDIR="/Users/tromso/local/lib/python2.7/site-packages"', '-DENABLE_DTRACE', '-DMACOSX', '-DNDEBUG', '-DNDEBUG', '-DENABLE_DTRACE', '../test.cpp', '-c', '-o', 'test.cpp.1.o']
[2/2] [33mcxxprogram: build/.conf_check_3c779f95fb0a7e2c0b7f9bb16c8d3109/testbuild/test.cpp.1.o -> build/.conf_check_3c779f95fb0a7e2c0b7f9bb16c8d3109/testbuild/testprog
[0m
['/usr/bin/g++', '-Wl,-F.', '-arch', 'i386', '-arch', 'x86_64', '-arch', 'i386', '-arch', 'x86_64', 'test.cpp.1.o', '-o', '/Users/tromso/src/ecell-proj/ecell4/reaction_reader/build/.conf_check_3c779f95fb0a7e2c0b7f9bb16c8d3109/testbuild/testprog', '-L/System/Library/Frameworks/Python.framework/Versions/2.7/lib', '-lpython2.7']
yes
------------------------------------------------------------------------------------------------
Checking for program /usr/bin/python-config,python2.7-config,python-config-2.7,python2.7m-config
/usr/bin/python-config
find program=['/usr/bin/python-config', 'python2.7-config', 'python-config-2.7', 'python2.7m-config'] paths=['/usr/bin', '/bin', '/usr/sbin', '/sbin', '/usr/local/bin', '/Users/tromso/.rvm/bin', '/Users/tromso/local/bin', '/Users/tromso/local/bin'] var='PYTHON_CONFIG' -> '/usr/bin/python-config'
['/usr/bin/python-config', '--includes']
out: -I/System/Library/Frameworks/Python.framework/Versions/2.7/include/python2.7 -I/System/Library/Frameworks/Python.framework/Versions/2.7/include/python2.7

Include path for Python extensions (found via python-config --includes): ['/System/Library/Frameworks/Python.framework/Versions/2.7/include/python2.7']

------------------------------------------------------------------------------------------------
Checking for header Python.h
==>

#include <Python.h>
#ifdef __cplusplus
extern "C" {
#endif
	void Py_Initialize(void);
	void Py_Finalize(void);
#ifdef __cplusplus
}
#endif
int main(int argc, char **argv)
{
   Py_Initialize();
   Py_Finalize();
   return 0;
}

<==
[1/2] [32mcxx: build/.conf_check_b8611f02fc67619ae45b2fcc80ae1ec9/test.cpp -> build/.conf_check_b8611f02fc67619ae45b2fcc80ae1ec9/testbuild/test.cpp.1.o
[0m
['/usr/bin/g++', '-arch', 'i386', '-arch', 'x86_64', '-fno-strict-aliasing', '-fno-common', '-dynamic', '-fno-common', '-fno-strict-aliasing', '-fwrapv', '-mno-fused-madd', '-arch', 'i386', '-arch', 'x86_64', '-fno-strict-aliasing', '-I/System/Library/Frameworks/Python.framework/Versions/2.7/include/python2.7', '-DPYTHONDIR="/Users/tromso/local/lib/python2.7/site-packages"', '-DPYTHONARCHDIR="/Users/tromso/local/lib/python2.7/site-packages"', '-DENABLE_DTRACE', '-DMACOSX', '-DNDEBUG', '-DNDEBUG', '-DENABLE_DTRACE', '../test.cpp', '-c', '-o', 'test.cpp.1.o']
[2/2] [33mcxxprogram: build/.conf_check_b8611f02fc67619ae45b2fcc80ae1ec9/testbuild/test.cpp.1.o -> build/.conf_check_b8611f02fc67619ae45b2fcc80ae1ec9/testbuild/testprog
[0m
['/usr/bin/g++', '-Wl,-F.', '-arch', 'i386', '-arch', 'x86_64', '-arch', 'i386', '-arch', 'x86_64', 'test.cpp.1.o', '-o', '/Users/tromso/src/ecell-proj/ecell4/reaction_reader/build/.conf_check_b8611f02fc67619ae45b2fcc80ae1ec9/testbuild/testprog', '-L/System/Library/Frameworks/Python.framework/Versions/2.7/lib', '-lpython2.7']
yes
